---------- Date: 2014-12-26 15:20:36 ~ IP : 127.0.0.1 ----------
REQUEST URI : /495/
MOD DETAILS:
   modFile   : C:\wamp\www\495\vqmod/xml/tm_product_category.xml
   id        : Category images
   version   : 1.0.0
   vqmver    : 2.3.0
   author    : TM
VQModObject::parseMods - Could not resolve path for [catalog/controller/product/manufacturer_info.php] (SKIPPED)
----------------------------------------------------------------------


---------- Date: 2014-12-26 16:59:13 ~ IP : 192.168.9.23 ----------
REQUEST URI : /495/index.php?route=common/home
MOD DETAILS:
   modFile   : C:\wamp\www\495\vqmod/xml/tm_product_category.xml
   id        : Category images
   version   : 1.0.0
   vqmver    : 2.3.0
   author    : TM
VQModObject::parseMods - Could not resolve path for [catalog/controller/product/manufacturer_info.php] (SKIPPED)
----------------------------------------------------------------------


